<?xml version="1.0" encoding="UTF-8"?>
<!-- Generated by org.testng.reporters.JUnitReportReporter -->
<testsuite hostname="Dheekshu" failures="0" tests="1" name="com.test.BestBuy" time="26.377" errors="0" timestamp="2024-03-21T21:58:25 IST" skipped="0">
  <testcase classname="com.test.BestBuy" name="login_InvalidEmail_TC01" time="26.377"/>
</testsuite> <!-- com.test.BestBuy -->
