<?xml version="1.0" encoding="UTF-8"?>
<!-- Generated by org.testng.reporters.JUnitReportReporter -->
<testsuite hostname="Dheekshu" failures="0" tests="10" name="com.test.BestBuy" time="409.443" errors="0" timestamp="2024-03-21T22:23:14 IST" skipped="0">
  <testcase classname="com.test.BestBuy" name="login_InvalidEmail_TC01" time="24.410"/>
  <testcase classname="com.test.BestBuy" name="signUp_MandatoryCheck_TC02" time="19.899"/>
  <testcase classname="com.test.BestBuy" name="login_MandPassword_TC03" time="23.084"/>
  <testcase classname="com.test.BestBuy" name="signUp_TC04" time="35.446"/>
  <testcase classname="com.test.BestBuy" name="signIn_TC05" time="34.620"/>
  <testcase classname="com.test.BestBuy" name="allMenuValidation_TC06" time="58.205"/>
  <testcase classname="com.test.BestBuy" name="bottomLinksValidation_TC07" time="9.732"/>
  <testcase classname="com.test.BestBuy" name="search_AddItem_Cart_TC08" time="59.626"/>
  <testcase classname="com.test.BestBuy" name="shopDept_AddItem_Cart_TC09" time="92.806"/>
  <testcase classname="com.test.BestBuy" name="shopBrand_AddItem_Cart_TC10" time="51.615"/>
</testsuite> <!-- com.test.BestBuy -->
